<?xml version="1.0" encoding="UTF-8"?>
<testng-results ignored="0" total="1" passed="1" failed="0" skipped="0">
  <reporter-output>
  </reporter-output>
  <suite started-at="2020-08-08T01:38:41 CST" name="Testing Automation-BDDFramework" finished-at="2020-08-08T01:38:59 CST" duration-ms="18324">
    <groups>
      <group name="cucumber">
        <method signature="AbstractTestNGCucumberTests.feature(cucumber.api.testng.CucumberFeatureWrapper)[pri:0, instance:Runner.testRunner@1e0b4072]" name="feature" class="cucumber.api.testng.AbstractTestNGCucumberTests"/>
      </group> <!-- cucumber -->
    </groups>
    <test started-at="2020-08-08T01:38:41 CST" name="Free CRM Test" finished-at="2020-08-08T01:38:59 CST" duration-ms="18324">
      <class name="Runner.testRunner">
        <test-method is-config="true" signature="setUpClass()[pri:0, instance:Runner.testRunner@1e0b4072]" started-at="2020-08-08T01:38:41 CST" name="setUpClass" finished-at="2020-08-08T01:38:42 CST" duration-ms="510" status="PASS">
          <reporter-output>
          </reporter-output>
        </test-method> <!-- setUpClass -->
        <test-method signature="feature(cucumber.api.testng.CucumberFeatureWrapper)[pri:0, instance:Runner.testRunner@1e0b4072]" started-at="2020-08-08T01:38:42 CST" name="feature" description="Runs Cucumber Feature" data-provider="features" finished-at="2020-08-08T01:38:59 CST" duration-ms="17510" status="PASS">
          <params>
            <param index="0">
              <value>
                <![CDATA[Free CRM Login Feature]]>
              </value>
            </param>
          </params>
          <reporter-output>
          </reporter-output>
        </test-method> <!-- feature -->
        <test-method is-config="true" signature="tearDownClass()[pri:0, instance:Runner.testRunner@1e0b4072]" started-at="2020-08-08T01:38:59 CST" name="tearDownClass" finished-at="2020-08-08T01:38:59 CST" duration-ms="24" status="PASS">
          <reporter-output>
          </reporter-output>
        </test-method> <!-- tearDownClass -->
      </class> <!-- Runner.testRunner -->
    </test> <!-- Free CRM Test -->
  </suite> <!-- Testing Automation-BDDFramework -->
</testng-results>
